Processing input.txt.tx.1: Contraindication

Phrase: Contraindication
>>>>> Phrase
contraindication
<<<<< Phrase
>>>>> Mappings
Meta Mapping (1000):
  1000   C0522473:Contraindication {SNOMEDCT_US,SNOMEDCT_US,SNOMEDCT_US} [Qualitative Concept]
<<<<< Mappings
Processing input.txt.tx.1: other beta-lactam antibiotics

Phrase: other beta-lactam antibiotics
>>>>> Phrase
other beta lactam antibiotics
<<<<< Phrase
>>>>> Mappings
Meta Mapping (923):
   923   C0026458:Monobactam (Monobactams {SNOMEDCT_US,SNOMEDCT_US,SNOMEDCT_US}) [Antibiotic,Organic Chemical]
<<<<< Mappings
Processing input.txt.tx.1: advanced renal impairment

Phrase: advanced renal impairment
>>>>> Phrase
advanced renal impairment
<<<<< Phrase
>>>>> Mappings
Meta Mapping (901):
   901   C1565489:Impaired renal function (Renal Insufficiency {SNOMEDCT_US,SNOMEDCT_US,SNOMEDCT_US}) [Disease or Syndrome]
   901   C0205179:Advanced phase {SNOMEDCT_US,SNOMEDCT_US,SNOMEDCT_US} [Qualitative Concept]
<<<<< Mappings
Processing input.txt.tx.1: hemodialysis

Phrase: hemodialysis
>>>>> Phrase
hemodialysis
<<<<< Phrase
>>>>> Mappings
Meta Mapping (1000):
  1000   C0019004:Hemodialysis {ICD9CM,ICD9CM,LNC,LNC,SNOMEDCT_US,SNOMEDCT_US,SNOMEDCT_US} [Therapeutic or Preventive Procedure]
<<<<< Mappings
Processing input.txt.tx.1: Antibiotic therapy

Phrase: Antibiotic therapy
>>>>> Phrase
antibiotic therapy
<<<<< Phrase
>>>>> Mappings
Meta Mapping (1000):
  1000   C0338237:Antibiotic therapy {SNOMEDCT_US,SNOMEDCT_US,SNOMEDCT_US} [Therapeutic or Preventive Procedure]
<<<<< Mappings
Processing input.txt.tx.1: in the two weeks

Phrase: in the two weeks
>>>>> Phrase
in the two weeks
<<<<< Phrase
>>>>> Mappings
Meta Mapping (861):
   861   C4082118:Two weeks {SNOMEDCT_US,SNOMEDCT_US,SNOMEDCT_US} [Temporal Concept]
<<<<< Mappings
Processing input.txt.tx.1: disease

Phrase: disease
>>>>> Phrase
disease
<<<<< Phrase
>>>>> Mappings
Meta Mapping (1000):
  1000   C0012634:Disease {LNC,LNC,SNOMEDCT_US,SNOMEDCT_US,SNOMEDCT_US} [Disease or Syndrome]
<<<<< Mappings
Processing input.txt.tx.1: hematologic/oncologic disease

Phrase: hematologic/oncologic disease
>>>>> Phrase
hematologic oncologic disease
<<<<< Phrase
>>>>> Mappings
Meta Mapping (913):
   913   C0018939:Blood diseases (Hematological Disease {ICD9CM,ICD9CM,LNC,LNC,SNOMEDCT_US,SNOMEDCT_US,SNOMEDCT_US}) [Disease or Syndrome]
   913   C1882062:Neoplastic disease {LNC,LNC,SNOMEDCT_US,SNOMEDCT_US,SNOMEDCT_US} [Neoplastic Process]
<<<<< Mappings
Processing input.txt.tx.1: leukemia

Phrase: leukemia
>>>>> Phrase
leukemia
<<<<< Phrase
>>>>> Mappings
Meta Mapping (1000):
  1000   C0023418:Leukemia (leukemia {ICD10CM,ICD9CM,ICD9CM,LNC,LNC,SNOMEDCT_US,SNOMEDCT_US,SNOMEDCT_US}) [Neoplastic Process]
<<<<< Mappings
Processing input.txt.tx.1: lymphoma

Phrase: lymphoma
>>>>> Phrase
lymphoma
<<<<< Phrase
>>>>> Mappings
Meta Mapping (1000):
  1000   C0024299:Lymphoma {ICD10CM,LNC,LNC,SNOMEDCT_US,SNOMEDCT_US,SNOMEDCT_US} [Neoplastic Process]
<<<<< Mappings
Processing input.txt.tx.1: immunosuppressants

Phrase: immunosuppressants
>>>>> Phrase
immunosuppressants
<<<<< Phrase
>>>>> Mappings
Meta Mapping (1000):
  1000   C0021081:Immunosuppressive agent (Immunosuppressive Agents {LNC,LNC,SNOMEDCT_US,SNOMEDCT_US,SNOMEDCT_US}) [Immunologic Factor,Pharmacologic Substance]
<<<<< Mappings
Processing input.txt.tx.1: Complications

Phrase: Complications
>>>>> Phrase
complications
<<<<< Phrase
>>>>> Mappings
Meta Mapping (1000):
  1000   C0009566:Complication {LNC,LNC,SNOMEDCT_US,SNOMEDCT_US,SNOMEDCT_US} [Pathologic Function]
<<<<< Mappings
Processing input.txt.tx.1: sigmoid diverticulitis

Phrase: sigmoid diverticulitis
>>>>> Phrase
sigmoid diverticulitis
<<<<< Phrase
>>>>> Mappings
Meta Mapping (861):
   861   C0012813:Diverticulitis {SNOMEDCT_US,SNOMEDCT_US,SNOMEDCT_US} [Disease or Syndrome]
   861   C0227391:Sigmoid colon {LNC,LNC,SNOMEDCT_US,SNOMEDCT_US,SNOMEDCT_US} [Body Part, Organ, or Organ Component]
<<<<< Mappings
Processing input.txt.tx.1: indication

Phrase: indication
>>>>> Phrase
indication
<<<<< Phrase
>>>>> Mappings
Meta Mapping (1000):
  1000   C0392360:Indication of (contextual qualifier) {LNC,LNC,SNOMEDCT_US,SNOMEDCT_US,SNOMEDCT_US} [Idea or Concept]
<<<<< Mappings
Processing input.txt.tx.1: surgery

Phrase: surgery
>>>>> Phrase
surgery
<<<<< Phrase
>>>>> Mappings
Meta Mapping (1000):
  1000   C1274039:General surgery (General surgery specialty {LNC,LNC,SNOMEDCT_US,SNOMEDCT_US,SNOMEDCT_US}) [Biomedical Occupation or Discipline]
<<<<< Mappings
Processing input.txt.tx.1: hypersensitivity

Phrase: hypersensitivity
>>>>> Phrase
hypersensitivity
<<<<< Phrase
>>>>> Mappings
Meta Mapping (1000):
  1000   C0020517:Hypersensitivity {ICD10CM,LNC,LNC,SNOMEDCT_US,SNOMEDCT_US,SNOMEDCT_US} [Pathologic Function]
<<<<< Mappings
Processing input.txt.tx.1: beta-lactam antibiotics

Phrase: beta-lactam antibiotics
>>>>> Phrase
beta lactam antibiotics
<<<<< Phrase
>>>>> Mappings
Meta Mapping (1000):
  1000   C0026458:Monobactam (Monobactams {SNOMEDCT_US,SNOMEDCT_US,SNOMEDCT_US}) [Antibiotic,Organic Chemical]
<<<<< Mappings
Processing input.txt.tx.1: Female

Phrase: Female
>>>>> Phrase
female
<<<<< Phrase
>>>>> Mappings
Meta Mapping (1000):
  1000   C0043210:Woman {SNOMEDCT_US,SNOMEDCT_US,SNOMEDCT_US} [Population Group]
<<<<< Mappings
Processing input.txt.tx.1: pregnant

Phrase: pregnant
>>>>> Phrase
pregnant
<<<<< Phrase
>>>>> Mappings
Meta Mapping (1000):
  1000   C0549206:Patient currently pregnant {LNC,LNC,SNOMEDCT_US,SNOMEDCT_US,SNOMEDCT_US} [Finding]
<<<<< Mappings
Processing input.txt.tx.1: another study drug

Phrase: another study drug
>>>>> Phrase
another study drug
<<<<< Phrase
>>>>> Mappings
Meta Mapping (901):
   901   C0013175:Clinical drug trial (Drug Evaluation {SNOMEDCT_US,SNOMEDCT_US,SNOMEDCT_US}) [Research Activity]
<<<<< Mappings
Processing input.txt.tx.1: another drug

Phrase: another drug
>>>>> Phrase
another drug
<<<<< Phrase
>>>>> Mappings
Meta Mapping (861):
   861   C0013227:Drugs (Pharmaceutical Preparations {LNC,LNC,SNOMEDCT_US,SNOMEDCT_US,SNOMEDCT_US}) [Pharmacologic Substance]
<<<<< Mappings
Processing input.txt.tx.1: within the four weeks

Phrase: within the four weeks
>>>>> Phrase
within the four weeks
<<<<< Phrase
>>>>> Mappings
Meta Mapping (812):
   812   C0439230:week {LNC,LNC,SNOMEDCT_US,SNOMEDCT_US,SNOMEDCT_US} [Temporal Concept]
   812   C0205450:Four {SNOMEDCT_US,SNOMEDCT_US,SNOMEDCT_US} [Quantitative Concept]
<<<<< Mappings
Processing input.txt.tx.1: symptoms

Phrase: symptoms
>>>>> Phrase
symptoms
<<<<< Phrase
>>>>> Mappings
Meta Mapping (1000):
  1000   C1457887:Symptoms {ICD9CM,ICD9CM,LNC,LNC,SNOMEDCT_US,SNOMEDCT_US,SNOMEDCT_US} [Sign or Symptom]
<<<<< Mappings
Processing input.txt.tx.1: sigmoid diverticulitis

Phrase: sigmoid diverticulitis
>>>>> Phrase
sigmoid diverticulitis
<<<<< Phrase
>>>>> Mappings
Meta Mapping (861):
   861   C0012813:Diverticulitis {SNOMEDCT_US,SNOMEDCT_US,SNOMEDCT_US} [Disease or Syndrome]
   861   C0227391:Sigmoid colon {LNC,LNC,SNOMEDCT_US,SNOMEDCT_US,SNOMEDCT_US} [Body Part, Organ, or Organ Component]
<<<<< Mappings
Processing input.txt.tx.1: * Fever ( body temperature

Phrase: * Fever
>>>>> Phrase
fever
<<<<< Phrase
>>>>> Mappings
Meta Mapping (1000):
  1000   C0015967:Fever {ICD10CM,ICD9CM,ICD9CM,LNC,LNC,SNOMEDCT_US,SNOMEDCT_US,SNOMEDCT_US} [Sign or Symptom]
<<<<< Mappings

Phrase: ( body temperature
>>>>> Phrase
body temperature
<<<<< Phrase
>>>>> Mappings
Meta Mapping (1000):
  1000   C0005903:Body temperature (Body Temperature {LNC,LNC,SNOMEDCT_US,SNOMEDCT_US,SNOMEDCT_US}) [Organism Attribute]
<<<<< Mappings
Processing input.txt.tx.1: Abdominal tenderness

Phrase: Abdominal tenderness
>>>>> Phrase
abdominal tenderness
<<<<< Phrase
>>>>> Mappings
Meta Mapping (1000):
  1000   C0232498:Abdominal tenderness {ICD10CM,ICD9CM,ICD9CM,SNOMEDCT_US,SNOMEDCT_US,SNOMEDCT_US} [Sign or Symptom]
<<<<< Mappings
Processing input.txt.tx.1: * Leukocytosis

Phrase: * Leukocytosis
>>>>> Phrase
leukocytosis
<<<<< Phrase
>>>>> Mappings
Meta Mapping (1000):
  1000   C0023518:Leukocytosis {ICD10CM,ICD9CM,ICD9CM,SNOMEDCT_US,SNOMEDCT_US,SNOMEDCT_US} [Disease or Syndrome]
<<<<< Mappings
Processing input.txt.tx.1: leukocytes

Phrase: leukocytes
>>>>> Phrase
leukocytes
<<<<< Phrase
>>>>> Mappings
Meta Mapping (1000):
  1000   C0023516:Leukocytes {LNC,LNC,SNOMEDCT_US,SNOMEDCT_US,SNOMEDCT_US} [Cell]
<<<<< Mappings
Processing input.txt.tx.1: differential blood count

Phrase: differential blood count
>>>>> Phrase
differential blood count
<<<<< Phrase
>>>>> Mappings
Meta Mapping (827):
   827   C0229664:Peripheral blood, NOS (peripheral blood {SNOMEDCT_US,SNOMEDCT_US,SNOMEDCT_US}) [Body Substance]
   827   C0443199:Differential (Differential quality {LNC,LNC,SNOMEDCT_US,SNOMEDCT_US,SNOMEDCT_US}) [Qualitative Concept]
<<<<< Mappings
